<?xml version="1.0" encoding="UTF-8" ?>

<testsuite failures="1" time="3.487" errors="0" skipped="0" tests="8" name="MongoModelTest">
  <testcase classname="MongoModelTest" name="delete" time="0.844">
      </testcase>
  <testcase classname="MongoModelTest" name="find" time="0.205">
      </testcase>
  <testcase classname="MongoModelTest" name="save" time="0.373">
      </testcase>
  <testcase classname="MongoModelTest" name="count" time="0.137">
      </testcase>
  <testcase classname="MongoModelTest" name="query" time="0.626">
      </testcase>
  <testcase classname="MongoModelTest" name="innerModel" time="0.133">
      </testcase>
  <testcase classname="MongoModelTest" name="mongoInformation" time="0.008">
      </testcase>
  <testcase classname="MongoModelTest" name="ordering" time="0.314">
      </testcase>
  <testcase classname="MongoModelTest" name="mongoIndexes" time="0.847">
                  <failure type="" message="Failure, expected:&lt;4&gt; but was:&lt;0&gt;">
        <![CDATA[
          In /test/MongoModelTest.java, line 177
          
                  	assertEquals(4, Car.getIndexes().length); :
          
        ]]>
        </failure>
                  <system-err>
            java.lang.AssertionError: expected:&lt;4&gt; but was:&lt;0&gt;
	at org.junit.Assert.fail(Assert.java:88)
	at org.junit.Assert.failNotEquals(Assert.java:834)
	at org.junit.Assert.assertEquals(Assert.java:645)
	at org.junit.Assert.assertEquals(Assert.java:631)
	at MongoModelTest.mongoIndexes(MongoModelTest.java:177)
	at sun.reflect.NativeMethodAccessorImpl.invoke0(Native Method)
	at sun.reflect.NativeMethodAccessorImpl.invoke(Unknown Source)
	at sun.reflect.DelegatingMethodAccessorImpl.invoke(Unknown Source)
	at java.lang.reflect.Method.invoke(Unknown Source)
	at org.junit.runners.model.FrameworkMethod$1.runReflectiveCall(FrameworkMethod.java:50)
	at org.junit.internal.runners.model.ReflectiveCallable.run(ReflectiveCallable.java:12)
	at org.junit.runners.model.FrameworkMethod.invokeExplosively(FrameworkMethod.java:47)
	at org.junit.internal.runners.statements.InvokeMethod.evaluate(InvokeMethod.java:17)
	at org.junit.internal.runners.statements.RunBefores.evaluate(RunBefores.java:26)
	at play.test.PlayJUnitRunner$StartPlay$2$1.evaluate(PlayJUnitRunner.java:128)
	at org.junit.runners.ParentRunner.runLeaf(ParentRunner.java:325)
	at org.junit.runners.BlockJUnit4ClassRunner.runChild(BlockJUnit4ClassRunner.java:78)
	at org.junit.runners.BlockJUnit4ClassRunner.runChild(BlockJUnit4ClassRunner.java:57)
	at org.junit.runners.ParentRunner$3.run(ParentRunner.java:290)
	at org.junit.runners.ParentRunner$1.schedule(ParentRunner.java:71)
	at org.junit.runners.ParentRunner.runChildren(ParentRunner.java:288)
	at org.junit.runners.ParentRunner.access$000(ParentRunner.java:58)
	at org.junit.runners.ParentRunner$2.evaluate(ParentRunner.java:268)
	at org.junit.runners.ParentRunner.run(ParentRunner.java:363)
	at play.test.PlayJUnitRunner.run(PlayJUnitRunner.java:70)
	at org.junit.runners.Suite.runChild(Suite.java:128)
	at org.junit.runners.Suite.runChild(Suite.java:27)
	at org.junit.runners.ParentRunner$3.run(ParentRunner.java:290)
	at org.junit.runners.ParentRunner$1.schedule(ParentRunner.java:71)
	at org.junit.runners.ParentRunner.runChildren(ParentRunner.java:288)
	at org.junit.runners.ParentRunner.access$000(ParentRunner.java:58)
	at org.junit.runners.ParentRunner$2.evaluate(ParentRunner.java:268)
	at org.junit.runners.ParentRunner.run(ParentRunner.java:363)
	at org.junit.runner.JUnitCore.run(JUnitCore.java:137)
	at org.junit.runner.JUnitCore.run(JUnitCore.java:115)
	at org.junit.runner.JUnitCore.run(JUnitCore.java:105)
	at org.junit.runner.JUnitCore.run(JUnitCore.java:94)
	at play.test.TestEngine.run(TestEngine.java:188)
	at controllers.TestRunner$1.doJobWithResult(TestRunner.java:101)
	at controllers.TestRunner$1.doJobWithResult(TestRunner.java:1)
	at play.jobs.Job$2.apply(Job.java:208)
	at play.db.jpa.JPA.withTransaction(JPA.java:258)
	at play.db.jpa.JPA.withinFilter(JPA.java:217)
	at play.db.jpa.JPAPlugin$TransactionalFilter.withinFilter(JPAPlugin.java:298)
	at play.jobs.Job.withinFilter(Job.java:185)
	at play.jobs.Job.call(Job.java:204)
	at play.jobs.Job$1.call(Job.java:119)
	at java.util.concurrent.FutureTask.run(Unknown Source)
	at java.util.concurrent.ScheduledThreadPoolExecutor$ScheduledFutureTask.access$201(Unknown Source)
	at java.util.concurrent.ScheduledThreadPoolExecutor$ScheduledFutureTask.run(Unknown Source)
	at java.util.concurrent.ThreadPoolExecutor.runWorker(Unknown Source)
	at java.util.concurrent.ThreadPoolExecutor$Worker.run(Unknown Source)
	at java.lang.Thread.run(Unknown Source)

          </system-err>  
        }
                  </testcase>
</testsuite>